<?xml version="1.0" encoding="UTF-8"?>
<!-- Generated by org.testng.reporters.JUnitReportReporter -->
<testsuite skipped="0" hostname="LP-5CD9126FLM" name="com.URL.captureTheCount" tests="3" failures="0" timestamp="04 Jun 2019 07:03:19 GMT" time="316.933" errors="0">
  <testcase name="verifytheurl_and_capture" time="56.070" classname="com.URL.captureTheCount"/>
  <testcase name="verifytheurl_and_capture" time="147.862" classname="com.URL.captureTheCount"/>
  <testcase name="verifytheurl_and_capture" time="113.001" classname="com.URL.captureTheCount"/>
</testsuite> <!-- com.URL.captureTheCount -->
