<?xml version="1.0" encoding="UTF-8"?>
<!-- Generated by org.testng.reporters.JUnitReportReporter -->
<testsuite skipped="0" hostname="LP-5CD9126FLM" name="com.URL.captureBelk" tests="5" failures="0" timestamp="03 Jun 2019 03:09:00 GMT" time="383.519" errors="0">
  <testcase name="verifytheurl_and_capture" time="84.121" classname="com.URL.captureBelk"/>
  <testcase name="verifytheurl_and_capture" time="84.949" classname="com.URL.captureBelk"/>
  <testcase name="verifytheurl_and_capture" time="82.601" classname="com.URL.captureBelk"/>
  <testcase name="verifytheurl_and_capture" time="61.957" classname="com.URL.captureBelk"/>
  <testcase name="verifytheurl_and_capture" time="69.891" classname="com.URL.captureBelk"/>
</testsuite> <!-- com.URL.captureBelk -->
