<?xml version="1.0" encoding="UTF-8"?>
<!-- Generated by org.testng.reporters.JUnitReportReporter -->
<testsuite skipped="0" hostname="LP-5CD9126FLM" name="com.URL.TestClass" tests="1" failures="0" timestamp="30 May 2019 13:59:34 GMT" time="0.017" errors="0">
  <testcase name="Helloworld" time="0.017" classname="com.URL.TestClass"/>
</testsuite> <!-- com.URL.TestClass -->
